<?xml version="1.0" encoding="UTF-8"?>
<testsuite name="Gestión de Tickets de Soporte" tests="3" skipped="0" failures="0" errors="0" timestamp="2026-03-13T18:23:08.536Z" hostname="cachyos-ale" time="17.318">
  <properties/>
  <testcase name="Reporte de incidente" classname="Gestión de Tickets de Soporte" time="11.861"/>
  <testcase name="Visualizar tickets en dashboard" classname="Gestión de Tickets de Soporte" time="2.133"/>
  <testcase name="Filtrar tickets por estado" classname="Gestión de Tickets de Soporte" time="3.324"/>
  <system-out><![CDATA[
@reporte
Scenario: Reporte de incidente                                              ?[90m# src/test/resources/features/gestion_tickets.feature:4?[0m
  ?[32mGiven ?[0m?[32mque el usuario está en la pantalla de reporte de incidentes?[0m         ?[90m# com.automatizacion.steps.FormularioSteps.abrirFormulario()?[0m
  ?[32mWhen ?[0m?[32menvía un reporte con los siguientes datos:?[0m                           ?[90m# com.automatizacion.steps.FormularioSteps.enviarReporte(io.cucumber.datatable.DataTable)?[0m
    | email             | linea     | tipo | descripcion                      |
    | usuario@email.com | 123456789 | Otro | El servicio de internet es lento |
  ?[32mThen ?[0m?[32mel sistema debería confirmar que el reporte fue enviado exitosamente?[0m ?[90m# com.automatizacion.steps.FormularioSteps.verificarMensajeExito()?[0m

@dashboard
Scenario: Visualizar tickets en dashboard              ?[90m# src/test/resources/features/gestion_tickets.feature:12?[0m
  ?[32mGiven ?[0m?[32mque el usuario está en el dashboard de tickets?[0m ?[90m# com.automatizacion.steps.TicketsSteps.abrirDashboard()?[0m
  ?[32mThen ?[0m?[32mla tabla debería mostrar al menos un ticket?[0m     ?[90m# com.automatizacion.steps.TicketsSteps.verificarTablaConDatos()?[0m

@filtro
Scenario: Filtrar tickets por estado                         ?[90m# src/test/resources/features/gestion_tickets.feature:17?[0m
  ?[32mGiven ?[0m?[32mque el usuario está en el dashboard de tickets?[0m       ?[90m# com.automatizacion.steps.TicketsSteps.abrirDashboard()?[0m
  ?[32mWhen ?[0m?[32mfiltra los tickets por estado ?[0m?[32m?[1m"Recibida"?[0m              ?[90m# com.automatizacion.steps.TicketsSteps.filtrarPorEstado(java.lang.String)?[0m
  ?[32mThen ?[0m?[32msolo deberían mostrarse tickets con estado ?[0m?[32m?[1m"Recibida"?[0m ?[90m# com.automatizacion.steps.TicketsSteps.verificarFiltroEstado(java.lang.String)?[0m
]]></system-out>
  <system-err><![CDATA[[Test worker] INFO  - 
  _____   ___   ___   _____     ___   _____     _     ___   _____   ___   ___  
 |_   _| | __| / __| |_   _|   / __| |_   _|   /_\   | _ \ |_   _| | __| |   \ 
   | |   | _|  \__ \   | |     \__ \   | |    / _ \  |   /   | |   | _|  | |) |
   |_|   |___| |___/   |_|     |___/   |_|   /_/ \_\ |_|_\   |_|   |___| |___/ 

Reporte de incidente(gestión-de-tickets-de-soporte;reporte-de-incidente)
--------------------------------------------------------------------------------
[Test worker] WARN net.serenitybdd.model.buildinfo.PropertyBasedDriverCapabilityRecord - Failed to store browser configuration for {goog:chromeOptions={args=[test-type, no-sandbox, ignore-certificate-errors, incognito, disable-infobars, disable-gpu, disable-default-apps, disable-popup-blocking, disable-dev-shm-usage, disable-extensions, headless, test-type, no-sandbox, ignore-certificate-errors, incognito, disable-infobars, disable-gpu, disable-default-apps, disable-popup-blocking, disable-dev-shm-usage, disable-extensions, headless, --headless, remote-allow-origins=*], binary=/usr/bin/chromium, extensions=[]}, acceptInsecureCerts=true, browserName=chrome}
[Test worker] INFO net.serenitybdd.core.webdriver.driverproviders.ChromeDriverProvider - Starting Chrome driver instance with capabilities:
[Test worker] INFO net.serenitybdd.core.webdriver.driverproviders.ChromeDriverProvider - Capabilities {acceptInsecureCerts: true, browserName: chrome, goog:chromeOptions: {args: [test-type, no-sandbox, ignore-certificate-errors, incognito, disable-infobars, disable-gpu, disable-default-apps, disable-popup-blocking, disable-dev-shm-usage, disable-extensions, headless, test-type, no-sandbox, ignore-certificate-errors, incognito, disable-infobars, disable-gpu, disable-default-apps, disable-popup-blocking, disable-dev-shm-usage, disable-extensions, headless, --headless, remote-allow-origins=*], binary: /usr/bin/chromium, extensions: []}}
Mar 13, 2026 3:23:12 PM org.openqa.selenium.devtools.CdpVersionFinder findNearestMatch
WARNING: Unable to find CDP implementation matching 145
Mar 13, 2026 3:23:12 PM org.openqa.selenium.chromium.ChromiumDriver lambda$new$5
WARNING: Unable to find version of CDP to use for 145.0.7632.116. You may need to include a dependency on a specific version of the CDP using something similar to `org.seleniumhq.selenium:selenium-devtools-v86:4.12.1` where the version ("v86") matches the version of the chromium-based browser you're using and the version number of the artifact is the same as Selenium's.
[Test worker] INFO  - 
  _____   ___   ___   _____     ___     _     ___   ___   ___   ___  
 |_   _| | __| / __| |_   _|   | _ \   /_\   / __| / __| | __| |   \ 
   | |   | _|  \__ \   | |     |  _/  / _ \  \__ \ \__ \ | _|  | |) |
   |_|   |___| |___/   |_|     |_|   /_/ \_\ |___/ |___/ |___| |___/ 

Reporte de incidente
----------------------------------------------------------------------
[Test worker] INFO  - 
  _____   ___   ___   _____     ___   _____     _     ___   _____   ___   ___  
 |_   _| | __| / __| |_   _|   / __| |_   _|   /_\   | _ \ |_   _| | __| |   \ 
   | |   | _|  \__ \   | |     \__ \   | |    / _ \  |   /   | |   | _|  | |) |
   |_|   |___| |___/   |_|     |___/   |_|   /_/ \_\ |_|_\   |_|   |___| |___/ 

Visualizar tickets en dashboard(gestión-de-tickets-de-soporte;visualizar-tickets-en-dashboard)
--------------------------------------------------------------------------------
[Test worker] INFO net.serenitybdd.core.webdriver.driverproviders.ChromeDriverProvider - Starting Chrome driver instance with capabilities:
[Test worker] INFO net.serenitybdd.core.webdriver.driverproviders.ChromeDriverProvider - Capabilities {acceptInsecureCerts: true, browserName: chrome, goog:chromeOptions: {args: [test-type, no-sandbox, ignore-certificate-errors, incognito, disable-infobars, disable-gpu, disable-default-apps, disable-popup-blocking, disable-dev-shm-usage, disable-extensions, headless, test-type, no-sandbox, ignore-certificate-errors, incognito, disable-infobars, disable-gpu, disable-default-apps, disable-popup-blocking, disable-dev-shm-usage, disable-extensions, headless, --headless, remote-allow-origins=*], binary: /usr/bin/chromium, extensions: []}}
Mar 13, 2026 3:23:21 PM org.openqa.selenium.devtools.CdpVersionFinder findNearestMatch
WARNING: Unable to find CDP implementation matching 145
Mar 13, 2026 3:23:21 PM org.openqa.selenium.chromium.ChromiumDriver lambda$new$5
WARNING: Unable to find version of CDP to use for 145.0.7632.116. You may need to include a dependency on a specific version of the CDP using something similar to `org.seleniumhq.selenium:selenium-devtools-v86:4.12.1` where the version ("v86") matches the version of the chromium-based browser you're using and the version number of the artifact is the same as Selenium's.
[Test worker] INFO  - 
  _____   ___   ___   _____     ___     _     ___   ___   ___   ___  
 |_   _| | __| / __| |_   _|   | _ \   /_\   / __| / __| | __| |   \ 
   | |   | _|  \__ \   | |     |  _/  / _ \  \__ \ \__ \ | _|  | |) |
   |_|   |___| |___/   |_|     |_|   /_/ \_\ |___/ |___/ |___| |___/ 

Visualizar tickets en dashboard
----------------------------------------------------------------------
[Test worker] INFO  - 
  _____   ___   ___   _____     ___   _____     _     ___   _____   ___   ___  
 |_   _| | __| / __| |_   _|   / __| |_   _|   /_\   | _ \ |_   _| | __| |   \ 
   | |   | _|  \__ \   | |     \__ \   | |    / _ \  |   /   | |   | _|  | |) |
   |_|   |___| |___/   |_|     |___/   |_|   /_/ \_\ |_|_\   |_|   |___| |___/ 

Filtrar tickets por estado(gestión-de-tickets-de-soporte;filtrar-tickets-por-estado)
--------------------------------------------------------------------------------
[Test worker] INFO net.serenitybdd.core.webdriver.driverproviders.ChromeDriverProvider - Starting Chrome driver instance with capabilities:
[Test worker] INFO net.serenitybdd.core.webdriver.driverproviders.ChromeDriverProvider - Capabilities {acceptInsecureCerts: true, browserName: chrome, goog:chromeOptions: {args: [test-type, no-sandbox, ignore-certificate-errors, incognito, disable-infobars, disable-gpu, disable-default-apps, disable-popup-blocking, disable-dev-shm-usage, disable-extensions, headless, test-type, no-sandbox, ignore-certificate-errors, incognito, disable-infobars, disable-gpu, disable-default-apps, disable-popup-blocking, disable-dev-shm-usage, disable-extensions, headless, --headless, remote-allow-origins=*], binary: /usr/bin/chromium, extensions: []}}
Mar 13, 2026 3:23:23 PM org.openqa.selenium.devtools.CdpVersionFinder findNearestMatch
WARNING: Unable to find CDP implementation matching 145
Mar 13, 2026 3:23:23 PM org.openqa.selenium.chromium.ChromiumDriver lambda$new$5
WARNING: Unable to find version of CDP to use for 145.0.7632.116. You may need to include a dependency on a specific version of the CDP using something similar to `org.seleniumhq.selenium:selenium-devtools-v86:4.12.1` where the version ("v86") matches the version of the chromium-based browser you're using and the version number of the artifact is the same as Selenium's.
[Test worker] INFO  - 
  _____   ___   ___   _____     ___     _     ___   ___   ___   ___  
 |_   _| | __| / __| |_   _|   | _ \   /_\   / __| / __| | __| |   \ 
   | |   | _|  \__ \   | |     |  _/  / _ \  \__ \ \__ \ | _|  | |) |
   |_|   |___| |___/   |_|     |_|   /_/ \_\ |___/ |___/ |___| |___/ 

Filtrar tickets por estado
----------------------------------------------------------------------
]]></system-err>
</testsuite>
